2023-11-28 17:41:18,221 - entire pipeline - INFO - Script execution started
2023-11-28 17:41:18,222 - entire pipeline - INFO - Starting data script execution
2023-11-28 17:41:18,222 - data - INFO - Starting data script execution
2023-11-28 17:41:18,222 - data - INFO - Reading raw data from: /home/ayoub/Desktop/IoT_sensor_data_monitoring/data/raw/sensor_data_raw.csv
2023-11-28 17:41:18,228 - data - INFO - Raw data loaded, shape: (944, 10)
2023-11-28 17:41:18,228 - data - INFO - Loading features from: /home/ayoub/Desktop/IoT_sensor_data_monitoring/src/features/features.json
2023-11-28 17:41:18,228 - data - INFO - Columns to keep: ['PID', 'selfLR', 'ClinLR', 'DoleLR', 'temp', 'fail']
2023-11-28 17:41:18,228 - data - INFO - Loading required columns from: /home/ayoub/Desktop/IoT_sensor_data_monitoring/src/data/required_columns.json
2023-11-28 17:41:18,229 - data - INFO - Required columns: ['footfall', 'atemp', 'selfLR', 'ClinLR', 'DoleLR', 'PID', 'outpressure', 'inpressure', 'temp']
2023-11-28 17:41:18,229 - data - INFO - Running data pipeline...
2023-11-28 17:41:18,246 - data - INFO - Data pipeline executed successfully
2023-11-28 17:41:18,250 - data - INFO - Saving training data to: /home/ayoub/Desktop/IoT_sensor_data_monitoring/data/processed/train.csv
2023-11-28 17:41:18,257 - data - INFO - Saving test data to: /home/ayoub/Desktop/IoT_sensor_data_monitoring/data/processed/test.csv
2023-11-28 17:41:18,259 - data - INFO - Saving scaler to: /home/ayoub/Desktop/IoT_sensor_data_monitoring/results/scaler.pkl
2023-11-28 17:41:18,260 - data - INFO - Data script executed successfully
2023-11-28 17:41:18,261 - entire pipeline - INFO - Data script executed successfully
2023-11-28 17:41:18,261 - entire pipeline - INFO - Starting training script execution
2023-11-28 17:41:18,261 - training - INFO - Starting training script execution
2023-11-28 17:41:18,261 - training - INFO - Reading training data from: /home/ayoub/Desktop/IoT_sensor_data_monitoring/data/processed/train.csv
2023-11-28 17:41:18,264 - training - INFO - Training data loaded, shape: (754, 6)
2023-11-28 17:41:18,264 - training - INFO - Reading testing data from: /home/ayoub/Desktop/IoT_sensor_data_monitoring/data/processed/test.csv
2023-11-28 17:41:18,267 - training - INFO - Testing data loaded, shape: (189, 6)
2023-11-28 17:41:18,268 - training - INFO - Running training pipeline...
2023-11-28 17:41:18,579 - training - INFO - Training pipeline executed successfully
2023-11-28 17:41:18,579 - training - INFO - Saving trained model to: /home/ayoub/Desktop/IoT_sensor_data_monitoring/results/pretrained_models/trained_model.joblib
2023-11-28 17:41:18,595 - training - INFO - Model saved successfully
2023-11-28 17:41:18,595 - training - INFO - Saving evaluation metrics to: /home/ayoub/Desktop/IoT_sensor_data_monitoring/results/evaluation_results
2023-11-28 17:41:19,763 - training - INFO - Metrics saved successfully
2023-11-28 17:41:19,763 - training - INFO - Training script execution completed successfully
2023-11-28 17:41:19,763 - entire pipeline - INFO - Training script executed successfully
2023-11-28 17:41:19,764 - entire pipeline - INFO - Starting inference script execution
2023-11-28 17:41:19,764 - inference - INFO - Starting inference script execution
2023-11-28 17:41:19,764 - inference - INFO - Reading inference data from: /home/ayoub/Desktop/IoT_sensor_data_monitoring/data/inference/inference_input.csv
2023-11-28 17:41:19,779 - inference - INFO - Inference data loaded, shape: (20, 9)
2023-11-28 17:41:19,780 - inference - INFO - Loading model from: /home/ayoub/Desktop/IoT_sensor_data_monitoring/results/pretrained_models/trained_model.joblib
2023-11-28 17:41:19,813 - inference - INFO - Model loaded successfully
2023-11-28 17:41:19,813 - inference - INFO - Loading scaler from: /home/ayoub/Desktop/IoT_sensor_data_monitoring/results/scaler.pkl
2023-11-28 17:41:19,814 - inference - INFO - Scaler loaded successfully
2023-11-28 17:41:19,814 - inference - INFO - Loading required columns from: /home/ayoub/Desktop/IoT_sensor_data_monitoring/src/data/required_columns.json
2023-11-28 17:41:19,823 - inference - INFO - Required columns: ['footfall', 'atemp', 'selfLR', 'ClinLR', 'DoleLR', 'PID', 'outpressure', 'inpressure', 'temp']
2023-11-28 17:41:19,823 - inference - INFO - Loading features from: /home/ayoub/Desktop/IoT_sensor_data_monitoring/src/features/features.json
2023-11-28 17:41:19,834 - inference - INFO - Columns to keep: ['PID', 'selfLR', 'ClinLR', 'DoleLR', 'temp']
2023-11-28 17:41:19,834 - inference - INFO - Running inference pipeline...
2023-11-28 17:41:19,852 - inference - INFO - Inference pipeline executed successfully
2023-11-28 17:41:19,853 - inference - INFO - Saving combined results to: /home/ayoub/Desktop/IoT_sensor_data_monitoring/results/inference_results/inference_results.csv
2023-11-28 17:41:19,861 - inference - INFO - Combined data (input + inference results) saved to /home/ayoub/Desktop/IoT_sensor_data_monitoring/results/inference_results/inference_results.csv
2023-11-28 17:41:19,861 - entire pipeline - INFO - Inference script executed successfully
2023-11-28 17:41:19,862 - entire pipeline - INFO - Script execution completed
2023-11-28 17:57:01,384 - entire pipeline - INFO - Script execution started
2023-11-28 17:57:01,385 - entire pipeline - INFO - Starting data script execution
2023-11-28 17:57:01,385 - data - INFO - Starting data script execution
2023-11-28 17:57:01,386 - data - INFO - Reading raw data from: /home/ayoub/Desktop/IoT_sensor_data_monitoring/data/raw/sensor_data_raw.csv
2023-11-28 17:57:01,411 - data - INFO - Raw data loaded, shape: (944, 10)
2023-11-28 17:57:01,412 - data - INFO - Loading features from: /home/ayoub/Desktop/IoT_sensor_data_monitoring/src/features/features.json
2023-11-28 17:57:01,422 - data - INFO - Columns to keep: ['PID', 'selfLR', 'ClinLR', 'DoleLR', 'temp', 'fail']
2023-11-28 17:57:01,422 - data - INFO - Loading required columns from: /home/ayoub/Desktop/IoT_sensor_data_monitoring/src/data/required_columns.json
2023-11-28 17:57:01,427 - data - INFO - Required columns: ['footfall', 'atemp', 'selfLR', 'ClinLR', 'DoleLR', 'PID', 'outpressure', 'inpressure', 'temp']
2023-11-28 17:57:01,427 - data - INFO - Running data pipeline...
2023-11-28 17:57:01,442 - data - INFO - Data pipeline executed successfully
2023-11-28 17:57:01,445 - data - INFO - Saving training data to: /home/ayoub/Desktop/IoT_sensor_data_monitoring/data/processed/train.csv
2023-11-28 17:57:01,464 - data - INFO - Saving test data to: /home/ayoub/Desktop/IoT_sensor_data_monitoring/data/processed/test.csv
2023-11-28 17:57:01,466 - data - INFO - Saving scaler to: /home/ayoub/Desktop/IoT_sensor_data_monitoring/results/scaler.pkl
2023-11-28 17:57:01,467 - data - INFO - Data script executed successfully
2023-11-28 17:57:01,467 - entire pipeline - INFO - Data script executed successfully
2023-11-28 17:57:01,467 - entire pipeline - INFO - Starting training script execution
2023-11-28 17:57:01,496 - training - INFO - Starting training script execution
2023-11-28 17:57:01,496 - training - INFO - Reading training data from: /home/ayoub/Desktop/IoT_sensor_data_monitoring/data/processed/train.csv
2023-11-28 17:57:01,498 - training - INFO - Training data loaded, shape: (754, 6)
2023-11-28 17:57:01,498 - training - INFO - Reading testing data from: /home/ayoub/Desktop/IoT_sensor_data_monitoring/data/processed/test.csv
2023-11-28 17:57:01,500 - training - INFO - Testing data loaded, shape: (189, 6)
2023-11-28 17:57:01,500 - training - INFO - Running training pipeline...
2023-11-28 17:57:01,789 - training - INFO - Training pipeline executed successfully
2023-11-28 17:57:01,790 - training - INFO - Saving trained model to: /home/ayoub/Desktop/IoT_sensor_data_monitoring/results/pretrained_models/trained_model.joblib
2023-11-28 17:57:01,804 - training - INFO - Model saved successfully
2023-11-28 17:57:01,805 - training - INFO - Saving evaluation metrics to: /home/ayoub/Desktop/IoT_sensor_data_monitoring/results/evaluation_results
2023-11-28 17:57:04,091 - training - INFO - Metrics saved successfully
2023-11-28 17:57:04,091 - training - INFO - Training script execution completed successfully
2023-11-28 17:57:04,091 - entire pipeline - INFO - Training script executed successfully
2023-11-28 17:57:04,092 - entire pipeline - INFO - Starting inference script execution
2023-11-28 17:57:04,092 - inference - INFO - Starting inference script execution
2023-11-28 17:57:04,092 - inference - INFO - Reading inference data from: /home/ayoub/Desktop/IoT_sensor_data_monitoring/data/inference/inference_input.csv
2023-11-28 17:57:04,108 - inference - INFO - Inference data loaded, shape: (20, 9)
2023-11-28 17:57:04,108 - inference - INFO - Loading model from: /home/ayoub/Desktop/IoT_sensor_data_monitoring/results/pretrained_models/trained_model.joblib
2023-11-28 17:57:04,137 - inference - INFO - Model loaded successfully
2023-11-28 17:57:04,137 - inference - INFO - Loading scaler from: /home/ayoub/Desktop/IoT_sensor_data_monitoring/results/scaler.pkl
2023-11-28 17:57:04,139 - inference - INFO - Scaler loaded successfully
2023-11-28 17:57:04,139 - inference - INFO - Loading required columns from: /home/ayoub/Desktop/IoT_sensor_data_monitoring/src/data/required_columns.json
2023-11-28 17:57:04,139 - inference - INFO - Required columns: ['footfall', 'atemp', 'selfLR', 'ClinLR', 'DoleLR', 'PID', 'outpressure', 'inpressure', 'temp']
2023-11-28 17:57:04,139 - inference - INFO - Loading features from: /home/ayoub/Desktop/IoT_sensor_data_monitoring/src/features/features.json
2023-11-28 17:57:04,140 - inference - INFO - Columns to keep: ['PID', 'selfLR', 'ClinLR', 'DoleLR', 'temp']
2023-11-28 17:57:04,140 - inference - INFO - Running inference pipeline...
2023-11-28 17:57:04,157 - inference - INFO - Inference pipeline executed successfully
2023-11-28 17:57:04,158 - inference - INFO - Saving combined results to: /home/ayoub/Desktop/IoT_sensor_data_monitoring/results/inference_results/inference_results.csv
2023-11-28 17:57:04,160 - inference - INFO - Combined data (input + inference results) saved to /home/ayoub/Desktop/IoT_sensor_data_monitoring/results/inference_results/inference_results.csv
2023-11-28 17:57:04,160 - entire pipeline - INFO - Inference script executed successfully
2023-11-28 17:57:04,161 - entire pipeline - INFO - Script execution completed
2023-11-28 18:05:49,012 - entire pipeline - INFO - Script execution started
2023-11-28 18:05:49,013 - entire pipeline - INFO - Starting data script execution
2023-11-28 18:05:49,013 - data - INFO - Starting data script execution
2023-11-28 18:05:49,013 - data - INFO - Reading raw data from: /home/ayoub/Desktop/IoT_sensor_data_monitoring/data/raw/sensor_data_raw.csv
2023-11-28 18:05:49,046 - data - INFO - Raw data loaded, shape: (944, 10)
2023-11-28 18:05:49,046 - data - INFO - Loading features from: /home/ayoub/Desktop/IoT_sensor_data_monitoring/src/features/features.json
2023-11-28 18:05:49,046 - data - INFO - Columns to keep: ['PID', 'selfLR', 'ClinLR', 'DoleLR', 'temp', 'fail']
2023-11-28 18:05:49,046 - data - INFO - Loading required columns from: /home/ayoub/Desktop/IoT_sensor_data_monitoring/src/data/required_columns.json
2023-11-28 18:05:49,046 - data - INFO - Required columns: ['footfall', 'atemp', 'selfLR', 'ClinLR', 'DoleLR', 'PID', 'outpressure', 'inpressure', 'temp']
2023-11-28 18:05:49,047 - data - INFO - Running data pipeline...
2023-11-28 18:05:49,191 - data - INFO - Data pipeline executed successfully
2023-11-28 18:05:49,198 - data - INFO - Saving training data to: /home/ayoub/Desktop/IoT_sensor_data_monitoring/data/processed/train.csv
2023-11-28 18:05:49,207 - data - INFO - Saving test data to: /home/ayoub/Desktop/IoT_sensor_data_monitoring/data/processed/test.csv
2023-11-28 18:05:49,210 - data - INFO - Saving scaler to: /home/ayoub/Desktop/IoT_sensor_data_monitoring/results/scaler.pkl
2023-11-28 18:05:49,212 - data - INFO - Data script executed successfully
2023-11-28 18:05:49,212 - entire pipeline - INFO - Data script executed successfully
2023-11-28 18:05:49,212 - entire pipeline - INFO - Starting training script execution
2023-11-28 18:05:49,213 - training - INFO - Starting training script execution
2023-11-28 18:05:49,213 - training - INFO - Reading training data from: /home/ayoub/Desktop/IoT_sensor_data_monitoring/data/processed/train.csv
2023-11-28 18:05:49,215 - training - INFO - Training data loaded, shape: (754, 6)
2023-11-28 18:05:49,215 - training - INFO - Reading testing data from: /home/ayoub/Desktop/IoT_sensor_data_monitoring/data/processed/test.csv
2023-11-28 18:05:49,218 - training - INFO - Testing data loaded, shape: (189, 6)
2023-11-28 18:05:49,219 - training - INFO - Running training pipeline...
2023-11-28 18:05:49,542 - training - INFO - Training pipeline executed successfully
2023-11-28 18:05:49,542 - training - INFO - Saving trained model to: /home/ayoub/Desktop/IoT_sensor_data_monitoring/results/pretrained_models/trained_model.joblib
2023-11-28 18:05:49,556 - training - INFO - Model saved successfully
2023-11-28 18:05:49,556 - training - INFO - Saving evaluation metrics to: /home/ayoub/Desktop/IoT_sensor_data_monitoring/results/evaluation_results
2023-11-28 18:05:52,395 - training - INFO - Metrics saved successfully
2023-11-28 18:05:52,395 - training - INFO - Training script execution completed successfully
2023-11-28 18:05:52,395 - entire pipeline - INFO - Training script executed successfully
2023-11-28 18:05:52,395 - entire pipeline - INFO - Starting inference script execution
2023-11-28 18:05:52,396 - inference - INFO - Starting inference script execution
2023-11-28 18:05:52,396 - inference - INFO - Reading inference data from: /home/ayoub/Desktop/IoT_sensor_data_monitoring/data/inference/inference_input.csv
2023-11-28 18:05:52,397 - inference - INFO - Inference data loaded, shape: (20, 9)
2023-11-28 18:05:52,398 - inference - INFO - Loading model from: /home/ayoub/Desktop/IoT_sensor_data_monitoring/results/pretrained_models/trained_model.joblib
2023-11-28 18:05:52,412 - inference - INFO - Model loaded successfully
2023-11-28 18:05:52,413 - inference - INFO - Loading scaler from: /home/ayoub/Desktop/IoT_sensor_data_monitoring/results/scaler.pkl
2023-11-28 18:05:52,413 - inference - INFO - Scaler loaded successfully
2023-11-28 18:05:52,413 - inference - INFO - Loading required columns from: /home/ayoub/Desktop/IoT_sensor_data_monitoring/src/data/required_columns.json
2023-11-28 18:05:52,414 - inference - INFO - Required columns: ['footfall', 'atemp', 'selfLR', 'ClinLR', 'DoleLR', 'PID', 'outpressure', 'inpressure', 'temp']
2023-11-28 18:05:52,414 - inference - INFO - Loading features from: /home/ayoub/Desktop/IoT_sensor_data_monitoring/src/features/features.json
2023-11-28 18:05:52,414 - inference - INFO - Columns to keep: ['PID', 'selfLR', 'ClinLR', 'DoleLR', 'temp']
2023-11-28 18:05:52,414 - inference - INFO - Running inference pipeline...
2023-11-28 18:05:52,422 - inference - INFO - Inference pipeline executed successfully
2023-11-28 18:05:52,423 - inference - INFO - Saving combined results to: /home/ayoub/Desktop/IoT_sensor_data_monitoring/results/inference_results/inference_results.csv
2023-11-28 18:05:52,424 - inference - INFO - Combined data (input + inference results) saved to /home/ayoub/Desktop/IoT_sensor_data_monitoring/results/inference_results/inference_results.csv
2023-11-28 18:05:52,425 - entire pipeline - INFO - Inference script executed successfully
2023-11-28 18:05:52,425 - entire pipeline - INFO - Script execution completed
